<?xml version="1.0" encoding="UTF-8"?>
<testng-results ignored="0" total="2" passed="2" failed="0" skipped="0">
  <reporter-output>
  </reporter-output>
  <suite started-at="2024-11-29T16:18:11 IST" name="Default suite" finished-at="2024-11-29T16:18:29 IST" duration-ms="17749">
    <groups>
      <group name="cucumber">
        <method signature="AbstractTestNGCucumberTests.runScenario(io.cucumber.testng.PickleWrapper,io.cucumber.testng.FeatureWrapper)[pri:0, instance:testRunners.ParallelRunner@1fdfafd2]" name="runScenario" class="io.cucumber.testng.AbstractTestNGCucumberTests"/>
      </group> <!-- cucumber -->
    </groups>
    <test started-at="2024-11-29T16:18:11 IST" name="Default test" finished-at="2024-11-29T16:18:29 IST" duration-ms="17749">
      <class name="testRunners.ParallelRunner">
        <test-method is-config="true" signature="setUpClass(org.testng.ITestContext)[pri:0, instance:testRunners.ParallelRunner@1fdfafd2]" started-at="2024-11-29T16:18:11 IST" name="setUpClass" finished-at="2024-11-29T16:18:12 IST" duration-ms="1170" status="PASS">
          <params>
            <param index="0">
              <value>
                <![CDATA[org.testng.TestRunner@4052913c]]>
              </value>
            </param>
          </params>
          <reporter-output>
          </reporter-output>
        </test-method> <!-- setUpClass -->
        <test-method signature="runScenario(io.cucumber.testng.PickleWrapper,io.cucumber.testng.FeatureWrapper)[pri:0, instance:testRunners.ParallelRunner@1fdfafd2]" started-at="2024-11-29T16:18:12 IST" name="runScenario" description="Runs Cucumber Scenarios" data-provider="scenarios" finished-at="2024-11-29T16:18:24 IST" duration-ms="11668" status="PASS">
          <params>
            <param index="0">
              <value>
                <![CDATA["Login with valid credentials"]]>
              </value>
            </param>
            <param index="1">
              <value>
                <![CDATA["Login"]]>
              </value>
            </param>
          </params>
          <reporter-output>
          </reporter-output>
        </test-method> <!-- runScenario -->
        <test-method signature="runScenario(io.cucumber.testng.PickleWrapper,io.cucumber.testng.FeatureWrapper)[pri:0, instance:testRunners.ParallelRunner@1fdfafd2]" started-at="2024-11-29T16:18:12 IST" name="runScenario" description="Runs Cucumber Scenarios" data-provider="scenarios" finished-at="2024-11-29T16:18:25 IST" duration-ms="12683" status="PASS">
          <params>
            <param index="0">
              <value>
                <![CDATA["Successful user registration"]]>
              </value>
            </param>
            <param index="1">
              <value>
                <![CDATA["User Registration"]]>
              </value>
            </param>
          </params>
          <reporter-output>
          </reporter-output>
        </test-method> <!-- runScenario -->
        <test-method is-config="true" signature="tearDownClass()[pri:0, instance:testRunners.ParallelRunner@1fdfafd2]" started-at="2024-11-29T16:18:25 IST" name="tearDownClass" finished-at="2024-11-29T16:18:29 IST" duration-ms="3826" status="PASS">
          <reporter-output>
          </reporter-output>
        </test-method> <!-- tearDownClass -->
      </class> <!-- testRunners.ParallelRunner -->
    </test> <!-- Default test -->
  </suite> <!-- Default suite -->
</testng-results>
